<?xml version="1.0" encoding="UTF-8"?>
<!-- Generated by org.testng.reporters.JUnitXMLReporter -->
<testsuite ignored="0" hostname="LPRUHE8142" failures="0" tests="3" name="Default test" time="19.149" errors="0" timestamp="2024-07-11T00:50:06 AST">
  <testcase classname="webTest.SubscriptionPage" name="validateSubscriptionPackages" time="0.05"/>
  <testcase classname="webTest.SubscriptionPage" name="validateSubscriptionPackages" time="0.016"/>
  <testcase classname="webTest.SubscriptionPage" name="validateSubscriptionPackages" time="0.012"/>
</testsuite> <!-- Default test -->
