<?xml version="1.0" encoding="UTF-8"?>
<!-- Generated by org.testng.reporters.JUnitXMLReporter -->
<testsuite ignored="0" hostname="LPRUHE8142" failures="0" tests="3" name="Default test" time="23.304" errors="0" timestamp="2024-07-11T01:09:54 AST">
  <testcase classname="webTest.SubscriptionPage" name="validateSubscription" time="0.076"/>
  <testcase classname="webTest.SubscriptionPage" name="validateSubscription" time="0.014"/>
  <testcase classname="webTest.SubscriptionPage" name="validateSubscription" time="0.02"/>
</testsuite> <!-- Default test -->
