<?xml version="1.0" encoding="UTF-8"?>
<testng-results ignored="0" total="3" passed="3" failed="0" skipped="0">
  <reporter-output>
  </reporter-output>
  <suite started-at="2024-07-11T00:49:47 AST" name="Default suite" finished-at="2024-07-11T00:50:06 AST" duration-ms="19149">
    <groups>
    </groups>
    <test started-at="2024-07-11T00:49:47 AST" name="Default test" finished-at="2024-07-11T00:50:06 AST" duration-ms="19149">
      <class name="webTest.SubscriptionPage">
        <test-method is-config="true" signature="setUp()[pri:0, instance:webTest.SubscriptionPage@268f106e]" started-at="2024-07-11T00:49:47 AST" name="setUp" finished-at="2024-07-11T00:50:04 AST" duration-ms="16840" status="PASS">
          <reporter-output>
          </reporter-output>
        </test-method> <!-- setUp -->
        <test-method signature="validateSubscriptionPackages(java.lang.String,java.lang.String)[pri:0, instance:webTest.SubscriptionPage@268f106e]" started-at="2024-07-11T00:50:04 AST" name="validateSubscriptionPackages" data-provider="countries" finished-at="2024-07-11T00:50:04 AST" duration-ms="50" status="PASS">
          <params>
            <param index="0">
              <value>
                <![CDATA[SA]]>
              </value>
            </param>
            <param index="1">
              <value>
                <![CDATA[SAR]]>
              </value>
            </param>
          </params>
          <reporter-output>
          </reporter-output>
        </test-method> <!-- validateSubscriptionPackages -->
        <test-method signature="validateSubscriptionPackages(java.lang.String,java.lang.String)[pri:0, instance:webTest.SubscriptionPage@268f106e]" started-at="2024-07-11T00:50:04 AST" name="validateSubscriptionPackages" data-provider="countries" finished-at="2024-07-11T00:50:04 AST" duration-ms="16" status="PASS">
          <params>
            <param index="0">
              <value>
                <![CDATA[Kuwait]]>
              </value>
            </param>
            <param index="1">
              <value>
                <![CDATA[KWD]]>
              </value>
            </param>
          </params>
          <reporter-output>
          </reporter-output>
        </test-method> <!-- validateSubscriptionPackages -->
        <test-method signature="validateSubscriptionPackages(java.lang.String,java.lang.String)[pri:0, instance:webTest.SubscriptionPage@268f106e]" started-at="2024-07-11T00:50:04 AST" name="validateSubscriptionPackages" data-provider="countries" finished-at="2024-07-11T00:50:04 AST" duration-ms="12" status="PASS">
          <params>
            <param index="0">
              <value>
                <![CDATA[Bahrain]]>
              </value>
            </param>
            <param index="1">
              <value>
                <![CDATA[BHD]]>
              </value>
            </param>
          </params>
          <reporter-output>
          </reporter-output>
        </test-method> <!-- validateSubscriptionPackages -->
        <test-method is-config="true" signature="tearDown()[pri:0, instance:webTest.SubscriptionPage@268f106e]" started-at="2024-07-11T00:50:04 AST" name="tearDown" finished-at="2024-07-11T00:50:06 AST" duration-ms="2146" status="PASS">
          <reporter-output>
          </reporter-output>
        </test-method> <!-- tearDown -->
      </class> <!-- webTest.SubscriptionPage -->
    </test> <!-- Default test -->
  </suite> <!-- Default suite -->
</testng-results>
