<?xml version="1.0" encoding="UTF-8"?>
<testng-results ignored="0" total="3" passed="3" failed="0" skipped="0">
  <reporter-output>
  </reporter-output>
  <suite started-at="2024-07-11T01:09:31 AST" name="Default suite" finished-at="2024-07-11T01:09:54 AST" duration-ms="23304">
    <groups>
    </groups>
    <test started-at="2024-07-11T01:09:31 AST" name="Default test" finished-at="2024-07-11T01:09:54 AST" duration-ms="23304">
      <class name="webTest.SubscriptionPage">
        <test-method is-config="true" signature="setUp()[pri:0, instance:webTest.SubscriptionPage@268f106e]" started-at="2024-07-11T01:09:31 AST" name="setUp" finished-at="2024-07-11T01:09:52 AST" duration-ms="20799" status="PASS">
          <reporter-output>
          </reporter-output>
        </test-method> <!-- setUp -->
        <test-method signature="validateSubscription(java.lang.String,java.lang.String)[pri:0, instance:webTest.SubscriptionPage@268f106e]" started-at="2024-07-11T01:09:52 AST" name="validateSubscription" data-provider="countries" finished-at="2024-07-11T01:09:52 AST" duration-ms="76" status="PASS">
          <params>
            <param index="0">
              <value>
                <![CDATA[SA]]>
              </value>
            </param>
            <param index="1">
              <value>
                <![CDATA[SAR]]>
              </value>
            </param>
          </params>
          <reporter-output>
          </reporter-output>
        </test-method> <!-- validateSubscription -->
        <test-method signature="validateSubscription(java.lang.String,java.lang.String)[pri:0, instance:webTest.SubscriptionPage@268f106e]" started-at="2024-07-11T01:09:52 AST" name="validateSubscription" data-provider="countries" finished-at="2024-07-11T01:09:52 AST" duration-ms="14" status="PASS">
          <params>
            <param index="0">
              <value>
                <![CDATA[Kuwait]]>
              </value>
            </param>
            <param index="1">
              <value>
                <![CDATA[KWD]]>
              </value>
            </param>
          </params>
          <reporter-output>
          </reporter-output>
        </test-method> <!-- validateSubscription -->
        <test-method signature="validateSubscription(java.lang.String,java.lang.String)[pri:0, instance:webTest.SubscriptionPage@268f106e]" started-at="2024-07-11T01:09:52 AST" name="validateSubscription" data-provider="countries" finished-at="2024-07-11T01:09:52 AST" duration-ms="20" status="PASS">
          <params>
            <param index="0">
              <value>
                <![CDATA[Bahrain]]>
              </value>
            </param>
            <param index="1">
              <value>
                <![CDATA[BHD]]>
              </value>
            </param>
          </params>
          <reporter-output>
          </reporter-output>
        </test-method> <!-- validateSubscription -->
        <test-method is-config="true" signature="tearDown()[pri:0, instance:webTest.SubscriptionPage@268f106e]" started-at="2024-07-11T01:09:52 AST" name="tearDown" finished-at="2024-07-11T01:09:54 AST" duration-ms="2296" status="PASS">
          <reporter-output>
          </reporter-output>
        </test-method> <!-- tearDown -->
      </class> <!-- webTest.SubscriptionPage -->
    </test> <!-- Default test -->
  </suite> <!-- Default suite -->
</testng-results>
